GET /api/blogs 200 9.627 ms PostmanRuntime/7.42.0 Thu, 19 Sep 2024 15:12:50 GMT
POST /api/blogs 201 17.356 ms PostmanRuntime/7.42.0 Thu, 19 Sep 2024 15:12:52 GMT
POST /api/blogsa 404 2.594 ms PostmanRuntime/7.42.0 Thu, 19 Sep 2024 15:12:54 GMT Route not found
POST /api/blogsa 404 9.095 ms PostmanRuntime/7.42.0 Thu, 19 Sep 2024 15:13:40 GMT - error-message Route not found
POST /api/blogsa 404 7.673 ms PostmanRuntime/7.42.0 Thu, 19 Sep 2024 15:13:54 GMT - error-message: Route not found
POST /api/blogsa 404 11.334 ms PostmanRuntime/7.42.0 Thu, 19 Sep 2024 15:22:19 GMT - error-message: Route not found
POST /api/blogs 201 13.376 ms PostmanRuntime/7.42.0 Thu, 19 Sep 2024 15:22:21 GMT
GET /api/blogs 200 10.613 ms PostmanRuntime/7.42.0 Thu, 19 Sep 2024 15:22:23 GMT
GET /api/blogs 200 10.855 ms PostmanRuntime/7.42.0 Thu, 19 Sep 2024 15:23:55 GMT
GET /api/blogs 200 8.126 ms PostmanRuntime/7.42.0 Thu, 19 Sep 2024 15:29:40 GMT
POST /api/blogs 201 18.813 ms PostmanRuntime/7.42.0 Thu, 19 Sep 2024 15:29:41 GMT
POST /api/register 404 1.684 ms PostmanRuntime/7.42.0 Thu, 19 Sep 2024 19:15:44 GMT - error-message: Route not found
POST /api/auth/register 500 2.015 ms PostmanRuntime/7.42.0 Thu, 19 Sep 2024 19:15:54 GMT - error-message: Cannot read properties of undefined (reading 'createUser')
POST /api/auth/register 400 10.934 ms PostmanRuntime/7.42.0 Thu, 19 Sep 2024 19:16:44 GMT - error-message: Expected ',' or '}' after property value in JSON at position 28 (line 3 column 5)
POST /api/auth/register 500 3.099 ms PostmanRuntime/7.42.0 Thu, 19 Sep 2024 19:16:45 GMT - error-message: Cannot read properties of undefined (reading 'createUser')
POST /api/auth/register 500 2.186 ms PostmanRuntime/7.42.0 Thu, 19 Sep 2024 19:16:48 GMT - error-message: Cannot read properties of undefined (reading 'createUser')
POST /api/auth/register 400 26.321 ms PostmanRuntime/7.42.0 Thu, 19 Sep 2024 19:17:13 GMT - error-message: User validation failed: password: Path `password` (`123456`) is shorter than the minimum allowed length (8).
POST /api/auth/register 201 9.592 ms PostmanRuntime/7.42.0 Thu, 19 Sep 2024 19:17:23 GMT
POST /api/auth/register 400 7.017 ms PostmanRuntime/7.42.0 Thu, 19 Sep 2024 19:17:25 GMT - error-message: Email is already taken
POST /api/auth/register 400 11.356 ms PostmanRuntime/7.42.0 Thu, 19 Sep 2024 19:25:44 GMT - error-message: Password should at least be 8 characters with one uppercase and lowercase letter, number, and special character
POST /api/auth/register 400 3.197 ms PostmanRuntime/7.42.0 Thu, 19 Sep 2024 19:25:50 GMT - error-message: Password should at least be 8 characters with one uppercase and lowercase letter, number, and special character
POST /api/auth/register 400 2.380 ms PostmanRuntime/7.42.0 Thu, 19 Sep 2024 19:25:53 GMT - error-message: Password should at least be 8 characters with one uppercase and lowercase letter, number, and special character
POST /api/auth/register 400 6.033 ms PostmanRuntime/7.42.0 Thu, 19 Sep 2024 19:25:57 GMT - error-message: Email is already taken
POST /api/auth/register 201 13.459 ms PostmanRuntime/7.42.0 Thu, 19 Sep 2024 19:26:01 GMT
POST /api/auth/register 400 18.770 ms PostmanRuntime/7.42.0 Thu, 19 Sep 2024 19:38:27 GMT - error-message: Email is already taken
POST /api/auth/register 201 17.441 ms PostmanRuntime/7.42.0 Thu, 19 Sep 2024 19:38:31 GMT
POST /api/auth/register 400 16.309 ms PostmanRuntime/7.42.0 Thu, 19 Sep 2024 19:54:33 GMT - error-message: Email is already taken
POST /api/auth/login 400 4.694 ms PostmanRuntime/7.42.0 Thu, 19 Sep 2024 19:54:56 GMT - error-message: "body.email" is required,"body.password" is required
POST /api/auth/login 500 3.687 ms PostmanRuntime/7.42.0 Thu, 19 Sep 2024 19:55:09 GMT - error-message: User is not defined
POST /api/auth/login 500 13.871 ms PostmanRuntime/7.42.0 Thu, 19 Sep 2024 19:55:55 GMT - error-message: User is not defined
POST /api/auth/login 500 8.594 ms PostmanRuntime/7.42.0 Thu, 19 Sep 2024 19:56:10 GMT - error-message: User is not defined
POST /api/auth/login 500 11.255 ms PostmanRuntime/7.42.0 Thu, 19 Sep 2024 19:56:20 GMT - error-message: -
POST /api/auth/login 500 7.687 ms PostmanRuntime/7.42.0 Thu, 19 Sep 2024 19:56:30 GMT - error-message: -
POST /api/auth/login 500 15.702 ms PostmanRuntime/7.42.0 Thu, 19 Sep 2024 19:57:13 GMT - error-message: -
POST /api/auth/login 401 15.208 ms PostmanRuntime/7.42.0 Thu, 19 Sep 2024 19:58:52 GMT - error-message: Incorrect email or password
POST /api/auth/register 400 5.443 ms PostmanRuntime/7.42.0 Thu, 19 Sep 2024 19:58:55 GMT - error-message: Email is already taken
POST /api/auth/register 201 54.836 ms PostmanRuntime/7.42.0 Thu, 19 Sep 2024 19:59:00 GMT
POST /api/auth/login 500 28.140 ms PostmanRuntime/7.42.0 Thu, 19 Sep 2024 19:59:04 GMT - error-message: Invalid status code: undefined
POST /api/auth/login 200 39.543 ms PostmanRuntime/7.42.0 Thu, 19 Sep 2024 19:59:55 GMT
POST /api/auth/login 200 49.988 ms PostmanRuntime/7.42.0 Thu, 19 Sep 2024 20:00:01 GMT
POST /api/auth/login 401 35.762 ms PostmanRuntime/7.42.0 Thu, 19 Sep 2024 20:00:03 GMT - error-message: Incorrect email or password
POST /api/auth/login 200 25.851 ms PostmanRuntime/7.42.0 Thu, 19 Sep 2024 20:00:05 GMT
POST /api/auth/login 200 47.426 ms PostmanRuntime/7.42.0 Fri, 20 Sep 2024 15:05:04 GMT
POST /api/auth/register 400 20.377 ms PostmanRuntime/7.42.0 Fri, 20 Sep 2024 15:08:08 GMT - error-message: Email is already taken
POST /api/auth/register 500 38.855 ms PostmanRuntime/7.42.0 Fri, 20 Sep 2024 15:08:12 GMT - error-message: Cannot read properties of undefined (reading 'unix')
POST /api/auth/register 400 18.609 ms PostmanRuntime/7.42.0 Fri, 20 Sep 2024 15:08:35 GMT - error-message: Email is already taken
POST /api/auth/register 500 43.534 ms PostmanRuntime/7.42.0 Fri, 20 Sep 2024 15:08:40 GMT - error-message: Cannot read properties of undefined (reading 'unix')
POST /api/auth/login 500 52.897 ms PostmanRuntime/7.42.0 Fri, 20 Sep 2024 15:09:39 GMT - error-message: Cannot read properties of undefined (reading 'unix')
POST /api/auth/login 400 9.426 ms PostmanRuntime/7.42.0 Fri, 20 Sep 2024 15:10:43 GMT - error-message: "body.email" must be a valid email
POST /api/auth/login 400 1.676 ms PostmanRuntime/7.42.0 Fri, 20 Sep 2024 15:10:44 GMT - error-message: "body.email" must be a valid email
POST /api/auth/login 200 47.656 ms PostmanRuntime/7.42.0 Fri, 20 Sep 2024 15:10:46 GMT
POST /api/auth/register 400 4.615 ms PostmanRuntime/7.42.0 Fri, 20 Sep 2024 15:10:55 GMT - error-message: Email is already taken
POST /api/auth/register 201 40.034 ms PostmanRuntime/7.42.0 Fri, 20 Sep 2024 15:10:59 GMT
POST /api/auth/register 400 5.338 ms PostmanRuntime/7.42.0 Fri, 20 Sep 2024 15:11:45 GMT - error-message: Email is already taken
POST /api/auth/login 200 30.984 ms PostmanRuntime/7.42.0 Fri, 20 Sep 2024 15:11:47 GMT
POST /api/auth/login 200 24.143 ms PostmanRuntime/7.42.0 Fri, 20 Sep 2024 15:11:49 GMT
POST /api/auth/login 200 50.761 ms PostmanRuntime/7.42.0 Fri, 20 Sep 2024 15:12:10 GMT
POST /api/auth/login 200 35.533 ms PostmanRuntime/7.42.0 Fri, 20 Sep 2024 15:12:19 GMT
POST /api/auth/login 200 50.313 ms PostmanRuntime/7.42.0 Fri, 20 Sep 2024 15:12:36 GMT
POST /api/auth/login 200 43.234 ms PostmanRuntime/7.42.0 Fri, 20 Sep 2024 15:12:40 GMT
POST /api/auth/login 200 49.411 ms PostmanRuntime/7.42.0 Fri, 20 Sep 2024 15:12:54 GMT
POST /api/auth/register 201 38.689 ms PostmanRuntime/7.42.0 Fri, 20 Sep 2024 15:12:58 GMT
POST /api/auth/login 500 46.608 ms PostmanRuntime/7.42.0 Sat, 21 Sep 2024 14:57:47 GMT - error-message: Cannot read properties of undefined (reading 'create')
POST /api/auth/login 200 62.305 ms PostmanRuntime/7.42.0 Sat, 21 Sep 2024 14:58:14 GMT
POST /api/auth/refresh-token 400 3.657 ms PostmanRuntime/7.42.0 Sat, 21 Sep 2024 14:58:25 GMT - error-message: "body.refreshToken" is required,"body.email" is not allowed,"body.password" is not allowed
POST /api/auth/refresh-token 401 2.803 ms PostmanRuntime/7.42.0 Sat, 21 Sep 2024 14:58:38 GMT - error-message: Need authentication
POST /api/auth/refresh-token 401 3.206 ms PostmanRuntime/7.42.0 Sat, 21 Sep 2024 14:58:50 GMT - error-message: Need authentication
POST /api/auth/login 200 46.699 ms PostmanRuntime/7.42.0 Sat, 21 Sep 2024 14:58:52 GMT
POST /api/auth/refresh-token 401 1.964 ms PostmanRuntime/7.42.0 Sat, 21 Sep 2024 14:59:00 GMT - error-message: Need authentication
POST /api/auth/refresh-token 401 7330.787 ms PostmanRuntime/7.42.0 Sat, 21 Sep 2024 14:59:59 GMT - error-message: Need authentication
POST /api/auth/refresh-token 401 4558.276 ms PostmanRuntime/7.42.0 Sat, 21 Sep 2024 15:00:05 GMT - error-message: Need authentication
POST /api/auth/refresh-token 401 14.738 ms PostmanRuntime/7.42.0 Sat, 21 Sep 2024 15:00:24 GMT - error-message: Need authentication
POST /api/auth/login 200 47.787 ms PostmanRuntime/7.42.0 Sat, 21 Sep 2024 15:00:26 GMT
POST /api/auth/refresh-token 401 5.983 ms PostmanRuntime/7.42.0 Sat, 21 Sep 2024 15:00:34 GMT - error-message: Need authentication
POST /api/auth/login 200 32.605 ms PostmanRuntime/7.42.0 Sat, 21 Sep 2024 15:00:37 GMT
POST /api/auth/refresh-token 401 5.225 ms PostmanRuntime/7.42.0 Sat, 21 Sep 2024 15:00:45 GMT - error-message: Need authentication
POST /api/auth/refresh-token 401 5178.473 ms PostmanRuntime/7.42.0 Sat, 21 Sep 2024 15:01:08 GMT - error-message: Need authentication
POST /api/auth/login 200 48.214 ms PostmanRuntime/7.42.0 Sat, 21 Sep 2024 15:01:11 GMT
POST /api/auth/refresh-token 401 51654.602 ms PostmanRuntime/7.42.0 Sat, 21 Sep 2024 15:02:10 GMT - error-message: Need authentication
POST /api/auth/login 200 35.455 ms PostmanRuntime/7.42.0 Sat, 21 Sep 2024 15:02:48 GMT
POST /api/auth/login 200 12477.402 ms PostmanRuntime/7.42.0 Sat, 21 Sep 2024 15:03:05 GMT
POST /api/auth/refresh-token 401 1650.214 ms PostmanRuntime/7.42.0 Sat, 21 Sep 2024 15:03:37 GMT - error-message: Need authentication
POST /api/auth/refresh-token 401 40998.699 ms PostmanRuntime/7.42.0 Sat, 21 Sep 2024 15:04:21 GMT - error-message: Need authentication
POST /api/auth/refresh-token 401 9973.601 ms PostmanRuntime/7.42.0 Sat, 21 Sep 2024 15:05:06 GMT - error-message: Need authentication
POST /api/auth/refresh-token 200 5736.141 ms PostmanRuntime/7.42.0 Sat, 21 Sep 2024 15:05:43 GMT
GET /api/blogs 500 2.521 ms PostmanRuntime/7.42.0 Sat, 21 Sep 2024 15:29:42 GMT - error-message: -
GET /api/blogs 401 2.974 ms PostmanRuntime/7.42.0 Sat, 21 Sep 2024 15:30:53 GMT - error-message: Need authentication
POST /api/auth/login 200 58.112 ms PostmanRuntime/7.42.0 Sat, 21 Sep 2024 15:30:56 GMT
GET /api/blogs 401 2.365 ms PostmanRuntime/7.42.0 Sat, 21 Sep 2024 15:31:04 GMT - error-message: Need authentication
GET /api/blogs 401 3.261 ms PostmanRuntime/7.42.0 Sat, 21 Sep 2024 15:31:14 GMT - error-message: Need authentication
GET /api/blogs 401 0.811 ms PostmanRuntime/7.42.0 Sat, 21 Sep 2024 15:31:15 GMT - error-message: Need authentication
GET /api/blogs 401 1.601 ms PostmanRuntime/7.42.0 Sat, 21 Sep 2024 15:31:25 GMT - error-message: Need authentication
GET /api/blogs 401 7427.051 ms PostmanRuntime/7.42.0 Sat, 21 Sep 2024 15:31:43 GMT - error-message: Need authentication
GET /api/blogs 401 4408.409 ms PostmanRuntime/7.42.0 Sat, 21 Sep 2024 15:32:25 GMT - error-message: Need authentication
GET /api/blogs 200 3147.599 ms PostmanRuntime/7.42.0 Sat, 21 Sep 2024 15:32:48 GMT
POST /api/blogs 401 1857.490 ms PostmanRuntime/7.42.0 Sat, 21 Sep 2024 15:32:52 GMT - error-message: Need authentication
POST /api/blogs 201 1658.556 ms PostmanRuntime/7.42.0 Sat, 21 Sep 2024 15:33:16 GMT
POST /api/blogs 201 25.505 ms PostmanRuntime/7.42.0 Sat, 21 Sep 2024 15:34:05 GMT
POST /api/auth/login 200 51.793 ms PostmanRuntime/7.42.0 Sat, 21 Sep 2024 15:34:50 GMT
POST /api/auth/refresh-token 401 6.624 ms PostmanRuntime/7.42.0 Sat, 21 Sep 2024 15:34:51 GMT - error-message: Need authentication
POST /api/auth/register 400 6.726 ms PostmanRuntime/7.42.0 Sat, 21 Sep 2024 15:34:54 GMT - error-message: Email is already taken
POST /api/auth/refresh-token 400 2.352 ms PostmanRuntime/7.42.0 Sat, 21 Sep 2024 15:35:04 GMT - error-message: Expected ',' or '}' after property value in JSON at position 219 (line 2 column 218)
POST /api/auth/refresh-token 200 10.585 ms PostmanRuntime/7.42.0 Sat, 21 Sep 2024 15:35:06 GMT
GET /api/blogs 200 7.623 ms PostmanRuntime/7.42.0 Sat, 21 Sep 2024 15:35:09 GMT
POST /api/blogs 201 5.962 ms PostmanRuntime/7.42.0 Sat, 21 Sep 2024 15:35:11 GMT
